%file - BFSF
/home/goldhoorn/dev-avalon-21/install/bin/bfsf-planner

/tmp/20160511-12:23:59:634017_bfsf/problem.pddl: syntax error in line 10, '1':
'define' expected
Planner BFSF:

0.00user 0.00system 0:00.00elapsed 50%CPU (0avgtext+0avgdata 5612maxresident)k
0inputs+544outputs (0major+1126minor)pagefaults 0swaps
%file - CEDALION
/home/goldhoorn/dev-avalon-21/install/bin/cedalion-planner
/usr/bin/env: pypy: Datei oder Verzeichnis nicht gefunden
/home/goldhoorn/dev-avalon-21/install/bin/cedalion-planner: Zeile 48: output.sas: Datei oder Verzeichnis nicht gefunden
/home/goldhoorn/dev-avalon-21/install/bin/cedalion-planner: Zeile 52: output: Datei oder Verzeichnis nicht gefunden
Planner CEDALION:

0.00user 0.00system 0:00.01elapsed 23%CPU (0avgtext+0avgdata 5508maxresident)k
0inputs+552outputs (0major+2799minor)pagefaults 0swaps
%file - FDAUTOTUNE1
/home/goldhoorn/dev-avalon-21/install/bin/fast_downward-planner
Planner FDAUTOTUNE1:
0	[startt auvcontrol::depthfusioncmp auvhelper::depthandorientationfusion][startt base::zprovidersrv depthreader::task][startds auvcontrol::depthfusioncmp base::zprovidersrv][startt base::orientationsrv xsensimu::task][startds auvcontrol::depthfusioncmp base::orientationsrv][startc root auvcontrol::depthfusioncmp][start_root][unit cost)]

0.00user 0.00system 33:20.02elapsed 0%CPU (0avgtext+0avgdata 5504maxresident)k
0inputs+544outputs (0major+1115minor)pagefaults 0swaps
%file - FDAUTOTUNE2
/home/goldhoorn/dev-avalon-21/install/bin/fast_downward-planner
Planner FDAUTOTUNE2:
0	[startt auvcontrol::depthfusioncmp auvhelper::depthandorientationfusion][startt base::orientationsrv xsensimu::task][startt base::zprovidersrv depthreader::task][startds auvcontrol::depthfusioncmp base::orientationsrv][startds auvcontrol::depthfusioncmp base::zprovidersrv][startc root auvcontrol::depthfusioncmp][start_root][unit cost)]

0.00user 0.00system 33:20.02elapsed 0%CPU (0avgtext+0avgdata 5608maxresident)k
0inputs+544outputs (0major+1119minor)pagefaults 0swaps
%file - FDSS1
/home/goldhoorn/dev-avalon-21/install/bin/fast_downward-planner
No timeout has been set for the portfolio so we take the default of 1800s.
Planner FDSS1:
0	[startt auvcontrol::depthfusioncmp auvhelper::depthandorientationfusion][startt base::zprovidersrv depthreader::task][startds auvcontrol::depthfusioncmp base::zprovidersrv][startt base::orientationsrv xsensimu::task][startds auvcontrol::depthfusioncmp base::orientationsrv][startc root auvcontrol::depthfusioncmp][start_root][unit cost)]

1353.93user 2.59system 22:39.00elapsed 99%CPU (0avgtext+0avgdata 4806616maxresident)k
0inputs+6688outputs (0major+1737932minor)pagefaults 0swaps
%file - FDSS2
/home/goldhoorn/dev-avalon-21/install/bin/fast_downward-planner
No timeout has been set for the portfolio so we take the default of 1800s.
Planner FDSS2:
0	[startt base::orientationsrv xsensimu::task][startt auvcontrol::depthfusioncmp auvhelper::depthandorientationfusion][startds auvcontrol::depthfusioncmp base::orientationsrv][startt base::zprovidersrv depthreader::task][startds auvcontrol::depthfusioncmp base::zprovidersrv][startc root auvcontrol::depthfusioncmp][start_root][unit cost)]

1210.51user 2.54system 20:15.45elapsed 99%CPU (0avgtext+0avgdata 4806932maxresident)k
0inputs+6688outputs (0major+1518105minor)pagefaults 0swaps
%file - LAMA
/home/goldhoorn/dev-avalon-21/install/bin/lama-planner
Traceback (most recent call last):
  File "/home/goldhoorn/dev-avalon-21/planning/lama/lama/translate/translate.py", line 592, in <module>
    sas_task = pddl_to_sas(task)
  File "/home/goldhoorn/dev-avalon-21/planning/lama/lama/translate/translate.py", line 460, in pddl_to_sas
    implied_facts)
  File "/home/goldhoorn/dev-avalon-21/planning/lama/lama/translate/translate.py", line 382, in translate_task
    assert init_values[var] == ranges[var] - 1, "Inconsistent init facts!"
AssertionError: Inconsistent init facts!
/home/goldhoorn/dev-avalon-21/install/bin/lama-planner: 12: /home/goldhoorn/dev-avalon-21/install/bin/lama-planner: cannot open output.sas: No such file
/home/goldhoorn/dev-avalon-21/install/bin/lama-planner: 14: /home/goldhoorn/dev-avalon-21/install/bin/lama-planner: cannot open output: No such file
Planner LAMA:

194.80user 0.80system 3:15.99elapsed 99%CPU (0avgtext+0avgdata 1712788maxresident)k
0inputs+544outputs (0major+664844minor)pagefaults 0swaps
%file - LAMA2011
/home/goldhoorn/dev-avalon-21/install/bin/fast_downward-planner
Planner LAMA2011:
0	[startt auvcontrol::depthfusioncmp auvhelper::depthandorientationfusion][startt base::zprovidersrv depthreader::task][startds auvcontrol::depthfusioncmp base::zprovidersrv][startt base::orientationsrv xsensimu::task][startds auvcontrol::depthfusioncmp base::orientationsrv][startc root auvcontrol::depthfusioncmp][start_root][unit cost)]

0.00user 0.00system 33:20.02elapsed 0%CPU (0avgtext+0avgdata 5728maxresident)k
0inputs+544outputs (0major+1124minor)pagefaults 0swaps
%file - RANDWARD
/home/goldhoorn/dev-avalon-21/install/bin/randward-planner
Traceback (most recent call last):
  File "/home/goldhoorn/dev-avalon-21/install/bin/randward/translate/translate.py", line 590, in <module>
    sas_task = pddl_to_sas(task)
  File "/home/goldhoorn/dev-avalon-21/install/bin/randward/translate/translate.py", line 458, in pddl_to_sas
    implied_facts)
  File "/home/goldhoorn/dev-avalon-21/install/bin/randward/translate/translate.py", line 382, in translate_task
    assert init_values[var] == ranges[var] - 1, "Inconsistent init facts!"
AssertionError: Inconsistent init facts!
/home/goldhoorn/dev-avalon-21/install/bin/randward-planner: 12: /home/goldhoorn/dev-avalon-21/install/bin/randward-planner: cannot open output.sas: No such file
/home/goldhoorn/dev-avalon-21/install/bin/randward-planner: 14: /home/goldhoorn/dev-avalon-21/install/bin/randward-planner: cannot open output: No such file
Planner RANDWARD:

188.90user 0.84system 3:10.10elapsed 99%CPU (0avgtext+0avgdata 1707312maxresident)k
0inputs+544outputs (0major+688089minor)pagefaults 0swaps
%file - UNIFORM
/home/goldhoorn/dev-avalon-21/install/bin/uniform-planner
/usr/bin/env: pypy: Datei oder Verzeichnis nicht gefunden
Planner UNIFORM:

0.00user 0.00system 0:00.01elapsed 25%CPU (0avgtext+0avgdata 5548maxresident)k
0inputs+552outputs (0major+2659minor)pagefaults 0swaps
%file - BFSF
/home/goldhoorn/dev-avalon-21/install/bin/bfsf-planner

/tmp/20160511-14:53:20:628764_bfsf/problem.pddl: syntax error in line 5, '.':
'define' expected
Planner BFSF:

0.00user 0.00system 0:00.00elapsed 44%CPU (0avgtext+0avgdata 5828maxresident)k
0inputs+736outputs (0major+1203minor)pagefaults 0swaps
%file - CEDALION
/home/goldhoorn/dev-avalon-21/install/bin/cedalion-planner
/usr/bin/env: pypy: Datei oder Verzeichnis nicht gefunden
/home/goldhoorn/dev-avalon-21/install/bin/cedalion-planner: Zeile 48: output.sas: Datei oder Verzeichnis nicht gefunden
/home/goldhoorn/dev-avalon-21/install/bin/cedalion-planner: Zeile 52: output: Datei oder Verzeichnis nicht gefunden
Planner CEDALION:

0.00user 0.00system 0:00.01elapsed 23%CPU (0avgtext+0avgdata 5652maxresident)k
0inputs+744outputs (0major+2853minor)pagefaults 0swaps
%file - FDAUTOTUNE1
/home/goldhoorn/dev-avalon-21/install/bin/fast_downward-planner
Planner FDAUTOTUNE1:
0	[startt auvcontrol::depthfusioncmp auvhelper::depthandorientationfusion][startt base::zprovidersrv depthreader::task][startds auvcontrol::depthfusioncmp base::zprovidersrv][startt base::orientationsrv xsensimu::task][startds auvcontrol::depthfusioncmp base::orientationsrv][startc root auvcontrol::depthfusioncmp][start_root][unit cost)]

0.00user 0.00system 33:20.03elapsed 0%CPU (0avgtext+0avgdata 5760maxresident)k
0inputs+736outputs (0major+1199minor)pagefaults 0swaps
%file - FDAUTOTUNE2
/home/goldhoorn/dev-avalon-21/install/bin/fast_downward-planner
Planner FDAUTOTUNE2:
0	[startt auvcontrol::depthfusioncmp auvhelper::depthandorientationfusion][startt base::orientationsrv xsensimu::task][startt base::zprovidersrv depthreader::task][startds auvcontrol::depthfusioncmp base::orientationsrv][startds auvcontrol::depthfusioncmp base::zprovidersrv][startc root auvcontrol::depthfusioncmp][start_root][unit cost)]

0.00user 0.00system 33:20.02elapsed 0%CPU (0avgtext+0avgdata 5760maxresident)k
0inputs+736outputs (0major+1196minor)pagefaults 0swaps
%file - FDSS1
/home/goldhoorn/dev-avalon-21/install/bin/fast_downward-planner
No timeout has been set for the portfolio so we take the default of 1800s.
Planner FDSS1:
0	[startt auvcontrol::depthfusioncmp auvhelper::depthandorientationfusion][startt base::zprovidersrv depthreader::task][startds auvcontrol::depthfusioncmp base::zprovidersrv][startt base::orientationsrv xsensimu::task][startds auvcontrol::depthfusioncmp base::orientationsrv][startc root auvcontrol::depthfusioncmp][start_root][unit cost)]

1211.77user 2.89system 20:17.05elapsed 99%CPU (0avgtext+0avgdata 4807136maxresident)k
0inputs+6880outputs (0major+1756791minor)pagefaults 0swaps
%file - FDSS2
/home/goldhoorn/dev-avalon-21/install/bin/fast_downward-planner
No timeout has been set for the portfolio so we take the default of 1800s.
Planner FDSS2:
0	[startt base::orientationsrv xsensimu::task][startt auvcontrol::depthfusioncmp auvhelper::depthandorientationfusion][startds auvcontrol::depthfusioncmp base::orientationsrv][startt base::zprovidersrv depthreader::task][startds auvcontrol::depthfusioncmp base::zprovidersrv][startc root auvcontrol::depthfusioncmp][start_root][unit cost)]

1211.32user 2.45system 20:16.08elapsed 99%CPU (0avgtext+0avgdata 4807236maxresident)k
0inputs+6880outputs (0major+1534419minor)pagefaults 0swaps
%file - LAMA
/home/goldhoorn/dev-avalon-21/install/bin/lama-planner
Traceback (most recent call last):
  File "/home/goldhoorn/dev-avalon-21/planning/lama/lama/translate/translate.py", line 592, in <module>
    sas_task = pddl_to_sas(task)
  File "/home/goldhoorn/dev-avalon-21/planning/lama/lama/translate/translate.py", line 460, in pddl_to_sas
    implied_facts)
  File "/home/goldhoorn/dev-avalon-21/planning/lama/lama/translate/translate.py", line 382, in translate_task
    assert init_values[var] == ranges[var] - 1, "Inconsistent init facts!"
AssertionError: Inconsistent init facts!
/home/goldhoorn/dev-avalon-21/install/bin/lama-planner: 12: /home/goldhoorn/dev-avalon-21/install/bin/lama-planner: cannot open output.sas: No such file
/home/goldhoorn/dev-avalon-21/install/bin/lama-planner: 14: /home/goldhoorn/dev-avalon-21/install/bin/lama-planner: cannot open output: No such file
Planner LAMA:

212.28user 0.86system 3:33.58elapsed 99%CPU (0avgtext+0avgdata 1680476maxresident)k
0inputs+736outputs (0major+670161minor)pagefaults 0swaps
%file - LAMA2011
/home/goldhoorn/dev-avalon-21/install/bin/fast_downward-planner
Planner LAMA2011:
0	[startt auvcontrol::depthfusioncmp auvhelper::depthandorientationfusion][startt base::zprovidersrv depthreader::task][startds auvcontrol::depthfusioncmp base::zprovidersrv][startt base::orientationsrv xsensimu::task][startds auvcontrol::depthfusioncmp base::orientationsrv][startc root auvcontrol::depthfusioncmp][start_root][unit cost)]

0.00user 0.00system 33:20.03elapsed 0%CPU (0avgtext+0avgdata 5536maxresident)k
0inputs+736outputs (0major+1189minor)pagefaults 0swaps
%file - RANDWARD
/home/goldhoorn/dev-avalon-21/install/bin/randward-planner
Traceback (most recent call last):
  File "/home/goldhoorn/dev-avalon-21/install/bin/randward/translate/translate.py", line 590, in <module>
    sas_task = pddl_to_sas(task)
  File "/home/goldhoorn/dev-avalon-21/install/bin/randward/translate/translate.py", line 458, in pddl_to_sas
    implied_facts)
  File "/home/goldhoorn/dev-avalon-21/install/bin/randward/translate/translate.py", line 382, in translate_task
    assert init_values[var] == ranges[var] - 1, "Inconsistent init facts!"
AssertionError: Inconsistent init facts!
/home/goldhoorn/dev-avalon-21/install/bin/randward-planner: 12: /home/goldhoorn/dev-avalon-21/install/bin/randward-planner: cannot open output.sas: No such file
/home/goldhoorn/dev-avalon-21/install/bin/randward-planner: 14: /home/goldhoorn/dev-avalon-21/install/bin/randward-planner: cannot open output: No such file
Planner RANDWARD:

172.69user 0.83system 2:53.81elapsed 99%CPU (0avgtext+0avgdata 1703084maxresident)k
0inputs+736outputs (0major+660631minor)pagefaults 0swaps
%file - UNIFORM
/home/goldhoorn/dev-avalon-21/install/bin/uniform-planner
/usr/bin/env: pypy: Datei oder Verzeichnis nicht gefunden
Planner UNIFORM:

0.00user 0.00system 0:00.01elapsed 25%CPU (0avgtext+0avgdata 5672maxresident)k
0inputs+744outputs (0major+2727minor)pagefaults 0swaps
%file - BFSF
/home/goldhoorn/dev-avalon-21/install/bin/bfsf-planner
Planner BFSF:

0.00user 0.00system 0:00.00elapsed 0%CPU (0avgtext+0avgdata 6920maxresident)k
0inputs+16outputs (0major+1328minor)pagefaults 0swaps
%file - CEDALION
/home/goldhoorn/dev-avalon-21/install/bin/cedalion-planner
/usr/bin/env: pypy: Datei oder Verzeichnis nicht gefunden
/home/goldhoorn/dev-avalon-21/install/bin/cedalion-planner: Zeile 48: output.sas: Datei oder Verzeichnis nicht gefunden
/home/goldhoorn/dev-avalon-21/install/bin/cedalion-planner: Zeile 52: output: Datei oder Verzeichnis nicht gefunden
Planner CEDALION:

0.00user 0.00system 0:00.01elapsed 0%CPU (0avgtext+0avgdata 5024maxresident)k
0inputs+24outputs (0major+2371minor)pagefaults 0swaps
%file - FDAUTOTUNE1
/home/goldhoorn/dev-avalon-21/install/bin/fast_downward-planner
Planner FDAUTOTUNE1:
0	[startt root xsensimu::task][start_root][unit cost)]

0.07user 0.01system 0:00.10elapsed 86%CPU (0avgtext+0avgdata 10380maxresident)k
0inputs+40outputs (0major+6260minor)pagefaults 0swaps
%file - FDAUTOTUNE2
/home/goldhoorn/dev-avalon-21/install/bin/fast_downward-planner
Planner FDAUTOTUNE2:
0	[startt root xsensimu::task][start_root][unit cost)]

0.07user 0.01system 0:00.10elapsed 88%CPU (0avgtext+0avgdata 10480maxresident)k
0inputs+40outputs (0major+6250minor)pagefaults 0swaps
%file - FDSS1
/home/goldhoorn/dev-avalon-21/install/bin/fast_downward-planner
No timeout has been set for the portfolio so we take the default of 1800s.
Planner FDSS1:
0	[startt root xsensimu::task][start_root][unit cost)]

0.16user 0.04system 0:00.23elapsed 89%CPU (0avgtext+0avgdata 10488maxresident)k
0inputs+40outputs (0major+15077minor)pagefaults 0swaps
%file - FDSS2
/home/goldhoorn/dev-avalon-21/install/bin/fast_downward-planner
No timeout has been set for the portfolio so we take the default of 1800s.
Planner FDSS2:
0	[startt root xsensimu::task][start_root][unit cost)]

0.06user 0.02system 0:00.09elapsed 85%CPU (0avgtext+0avgdata 10476maxresident)k
0inputs+40outputs (0major+6963minor)pagefaults 0swaps
%file - LAMA
/home/goldhoorn/dev-avalon-21/install/bin/lama-planner
Planner LAMA:
0	[startt root xsensimu::task][start_root]

0.02user 0.00system 0:00.03elapsed 66%CPU (0avgtext+0avgdata 9116maxresident)k
0inputs+56outputs (0major+2608minor)pagefaults 0swaps
%file - LAMA2011
/home/goldhoorn/dev-avalon-21/install/bin/fast_downward-planner
Planner LAMA2011:
0	[startt root xsensimu::task][start_root][unit cost)]

0.04user 0.01system 0:00.06elapsed 86%CPU (0avgtext+0avgdata 10512maxresident)k
0inputs+40outputs (0major+6265minor)pagefaults 0swaps
%file - RANDWARD
/home/goldhoorn/dev-avalon-21/install/bin/randward-planner
Planner RANDWARD:
0	[startt root xsensimu::task][start_root]

0.01user 0.00system 0:00.03elapsed 66%CPU (0avgtext+0avgdata 9028maxresident)k
0inputs+56outputs (0major+2949minor)pagefaults 0swaps
%file - UNIFORM
/home/goldhoorn/dev-avalon-21/install/bin/uniform-planner
/usr/bin/env: pypy: Datei oder Verzeichnis nicht gefunden
Planner UNIFORM:

0.00user 0.00system 0:00.01elapsed 0%CPU (0avgtext+0avgdata 4976maxresident)k
0inputs+24outputs (0major+2235minor)pagefaults 0swaps
%file - BFSF
/home/goldhoorn/dev-avalon-21/install/bin/bfsf-planner

/tmp/20160511-17:20:22:347052_bfsf/problem.pddl: syntax error in line 5, '.':
'define' expected
Planner BFSF:

0.00user 0.00system 0:00.00elapsed 44%CPU (0avgtext+0avgdata 5700maxresident)k
0inputs+736outputs (0major+1200minor)pagefaults 0swaps
%file - CEDALION
/home/goldhoorn/dev-avalon-21/install/bin/cedalion-planner
/usr/bin/env: pypy: Datei oder Verzeichnis nicht gefunden
/home/goldhoorn/dev-avalon-21/install/bin/cedalion-planner: Zeile 48: output.sas: Datei oder Verzeichnis nicht gefunden
/home/goldhoorn/dev-avalon-21/install/bin/cedalion-planner: Zeile 52: output: Datei oder Verzeichnis nicht gefunden
Planner CEDALION:

0.00user 0.00system 0:00.01elapsed 23%CPU (0avgtext+0avgdata 5568maxresident)k
0inputs+744outputs (0major+2843minor)pagefaults 0swaps
%file - FDAUTOTUNE1
/home/goldhoorn/dev-avalon-21/install/bin/fast_downward-planner
Planner FDAUTOTUNE1:
0	[startt root xsensimu::task][start_root][unit cost)]

613.78user 2.50system 10:17.40elapsed 99%CPU (0avgtext+0avgdata 4808060maxresident)k
0inputs+6880outputs (0major+1552574minor)pagefaults 0swaps
%file - FDAUTOTUNE2
/home/goldhoorn/dev-avalon-21/install/bin/fast_downward-planner
Planner FDAUTOTUNE2:
0	[startt root xsensimu::task][start_root][unit cost)]

585.19user 2.64system 9:49.00elapsed 99%CPU (0avgtext+0avgdata 4807852maxresident)k
0inputs+6880outputs (0major+1531078minor)pagefaults 0swaps
%file - FDSS1
/home/goldhoorn/dev-avalon-21/install/bin/fast_downward-planner
No timeout has been set for the portfolio so we take the default of 1800s.
Planner FDSS1:
0	[startt root xsensimu::task][start_root][unit cost)]

594.94user 2.44system 9:58.52elapsed 99%CPU (0avgtext+0avgdata 4807472maxresident)k
0inputs+6880outputs (0major+1685042minor)pagefaults 0swaps
%file - FDSS2
/home/goldhoorn/dev-avalon-21/install/bin/fast_downward-planner
No timeout has been set for the portfolio so we take the default of 1800s.
Planner FDSS2:
0	[startt root xsensimu::task][start_root][unit cost)]

429.14user 2.08system 7:12.02elapsed 99%CPU (0avgtext+0avgdata 4807896maxresident)k
0inputs+6880outputs (0major+1523859minor)pagefaults 0swaps
%file - LAMA
/home/goldhoorn/dev-avalon-21/install/bin/lama-planner
Traceback (most recent call last):
  File "/home/goldhoorn/dev-avalon-21/planning/lama/lama/translate/translate.py", line 592, in <module>
    sas_task = pddl_to_sas(task)
  File "/home/goldhoorn/dev-avalon-21/planning/lama/lama/translate/translate.py", line 460, in pddl_to_sas
    implied_facts)
  File "/home/goldhoorn/dev-avalon-21/planning/lama/lama/translate/translate.py", line 382, in translate_task
    assert init_values[var] == ranges[var] - 1, "Inconsistent init facts!"
AssertionError: Inconsistent init facts!
/home/goldhoorn/dev-avalon-21/install/bin/lama-planner: 12: /home/goldhoorn/dev-avalon-21/install/bin/lama-planner: cannot open output.sas: No such file
/home/goldhoorn/dev-avalon-21/install/bin/lama-planner: 14: /home/goldhoorn/dev-avalon-21/install/bin/lama-planner: cannot open output: No such file
Planner LAMA:

125.94user 0.76system 2:06.91elapsed 99%CPU (0avgtext+0avgdata 1710124maxresident)k
0inputs+736outputs (0major+718086minor)pagefaults 0swaps
%file - LAMA2011
/home/goldhoorn/dev-avalon-21/install/bin/fast_downward-planner
Planner LAMA2011:
0	[startt root xsensimu::task][start_root][unit cost)]

379.62user 1.86system 6:22.09elapsed 99%CPU (0avgtext+0avgdata 4807932maxresident)k
0inputs+6880outputs (0major+1538043minor)pagefaults 0swaps
%file - RANDWARD
/home/goldhoorn/dev-avalon-21/install/bin/randward-planner
Traceback (most recent call last):
  File "/home/goldhoorn/dev-avalon-21/install/bin/randward/translate/translate.py", line 590, in <module>
    sas_task = pddl_to_sas(task)
  File "/home/goldhoorn/dev-avalon-21/install/bin/randward/translate/translate.py", line 458, in pddl_to_sas
    implied_facts)
  File "/home/goldhoorn/dev-avalon-21/install/bin/randward/translate/translate.py", line 382, in translate_task
    assert init_values[var] == ranges[var] - 1, "Inconsistent init facts!"
AssertionError: Inconsistent init facts!
/home/goldhoorn/dev-avalon-21/install/bin/randward-planner: 12: /home/goldhoorn/dev-avalon-21/install/bin/randward-planner: cannot open output.sas: No such file
/home/goldhoorn/dev-avalon-21/install/bin/randward-planner: 14: /home/goldhoorn/dev-avalon-21/install/bin/randward-planner: cannot open output: No such file
Planner RANDWARD:

121.91user 0.68system 2:02.80elapsed 99%CPU (0avgtext+0avgdata 1705440maxresident)k
0inputs+736outputs (0major+684885minor)pagefaults 0swaps
%file - UNIFORM
/home/goldhoorn/dev-avalon-21/install/bin/uniform-planner
/usr/bin/env: pypy: Datei oder Verzeichnis nicht gefunden
Planner UNIFORM:

0.00user 0.00system 0:00.02elapsed 16%CPU (0avgtext+0avgdata 5644maxresident)k
0inputs+744outputs (0major+2734minor)pagefaults 0swaps
%file - BFSF
/home/goldhoorn/dev-avalon-21/install/bin/bfsf-planner

/tmp/20160511-18:08:11:187764_bfsf/problem.pddl: syntax error in line 34, '/':
'define' expected
Planner BFSF:

0.00user 0.00system 0:00.00elapsed 44%CPU (0avgtext+0avgdata 4940maxresident)k
0inputs+16outputs (0major+712minor)pagefaults 0swaps
%file - CEDALION
/home/goldhoorn/dev-avalon-21/install/bin/cedalion-planner
/usr/bin/env: pypy: Datei oder Verzeichnis nicht gefunden
/home/goldhoorn/dev-avalon-21/install/bin/cedalion-planner: Zeile 48: output.sas: Datei oder Verzeichnis nicht gefunden
/home/goldhoorn/dev-avalon-21/install/bin/cedalion-planner: Zeile 52: output: Datei oder Verzeichnis nicht gefunden
Planner CEDALION:

0.00user 0.00system 0:00.02elapsed 18%CPU (0avgtext+0avgdata 5080maxresident)k
0inputs+24outputs (0major+2373minor)pagefaults 0swaps
%file - FDAUTOTUNE1
/home/goldhoorn/dev-avalon-21/install/bin/fast_downward-planner
Error: Could not parse task file: /tmp/20160511-18:08:11:223001_fd/problem.pddl

Planner FDAUTOTUNE1:

0.05user 0.01system 0:00.07elapsed 87%CPU (0avgtext+0avgdata 9608maxresident)k
0inputs+16outputs (0major+4994minor)pagefaults 0swaps
%file - FDAUTOTUNE2
/home/goldhoorn/dev-avalon-21/install/bin/fast_downward-planner
Error: Could not parse task file: /tmp/20160511-18:08:11:303649_fd/problem.pddl

Planner FDAUTOTUNE2:

0.05user 0.01system 0:00.07elapsed 93%CPU (0avgtext+0avgdata 9568maxresident)k
0inputs+16outputs (0major+4996minor)pagefaults 0swaps
%file - FDSS1
/home/goldhoorn/dev-avalon-21/install/bin/fast_downward-planner
Error: Could not parse task file: /tmp/20160511-18:08:11:378234_fd/problem.pddl

Planner FDSS1:

0.04user 0.00system 0:00.06elapsed 80%CPU (0avgtext+0avgdata 9544maxresident)k
0inputs+16outputs (0major+4999minor)pagefaults 0swaps
%file - FDSS2
/home/goldhoorn/dev-avalon-21/install/bin/fast_downward-planner
Error: Could not parse task file: /tmp/20160511-18:08:11:439995_fd/problem.pddl

Planner FDSS2:

0.03user 0.01system 0:00.05elapsed 85%CPU (0avgtext+0avgdata 9440maxresident)k
0inputs+16outputs (0major+4993minor)pagefaults 0swaps
%file - LAMA
/home/goldhoorn/dev-avalon-21/install/bin/lama-planner
Error: Could not parse task file: /tmp/20160511-18:08:11:498887_lama/problem.pddl

/home/goldhoorn/dev-avalon-21/install/bin/lama-planner: 12: /home/goldhoorn/dev-avalon-21/install/bin/lama-planner: cannot open output.sas: No such file
/home/goldhoorn/dev-avalon-21/install/bin/lama-planner: 14: /home/goldhoorn/dev-avalon-21/install/bin/lama-planner: cannot open output: No such file
Planner LAMA:

0.01user 0.00system 0:00.02elapsed 82%CPU (0avgtext+0avgdata 7988maxresident)k
0inputs+16outputs (0major+2124minor)pagefaults 0swaps
%file - LAMA2011
/home/goldhoorn/dev-avalon-21/install/bin/fast_downward-planner
Error: Could not parse task file: /tmp/20160511-18:08:11:527994_fd/problem.pddl

Planner LAMA2011:

0.02user 0.02system 0:00.06elapsed 85%CPU (0avgtext+0avgdata 9640maxresident)k
0inputs+16outputs (0major+5005minor)pagefaults 0swaps
%file - RANDWARD
/home/goldhoorn/dev-avalon-21/install/bin/randward-planner
Error: Could not parse task file: /tmp/20160511-18:08:11:593511_randward/problem.pddl

/home/goldhoorn/dev-avalon-21/install/bin/randward-planner: 12: /home/goldhoorn/dev-avalon-21/install/bin/randward-planner: cannot open output.sas: No such file
/home/goldhoorn/dev-avalon-21/install/bin/randward-planner: 14: /home/goldhoorn/dev-avalon-21/install/bin/randward-planner: cannot open output: No such file
Planner RANDWARD:

0.02user 0.00system 0:00.04elapsed 72%CPU (0avgtext+0avgdata 8144maxresident)k
0inputs+16outputs (0major+2480minor)pagefaults 0swaps
%file - UNIFORM
/home/goldhoorn/dev-avalon-21/install/bin/uniform-planner
/usr/bin/env: pypy: Datei oder Verzeichnis nicht gefunden
Planner UNIFORM:

0.00user 0.00system 0:00.01elapsed 23%CPU (0avgtext+0avgdata 4996maxresident)k
0inputs+24outputs (0major+2235minor)pagefaults 0swaps
%file - BFSF
/home/goldhoorn/dev-avalon-21/install/bin/bfsf-planner
Planner BFSF:

0.00user 0.00system 0:00.00elapsed 44%CPU (0avgtext+0avgdata 7216maxresident)k
0inputs+16outputs (0major+1391minor)pagefaults 0swaps
%file - CEDALION
/home/goldhoorn/dev-avalon-21/install/bin/cedalion-planner
/usr/bin/env: pypy: Datei oder Verzeichnis nicht gefunden
/home/goldhoorn/dev-avalon-21/install/bin/cedalion-planner: Zeile 48: output.sas: Datei oder Verzeichnis nicht gefunden
/home/goldhoorn/dev-avalon-21/install/bin/cedalion-planner: Zeile 52: output: Datei oder Verzeichnis nicht gefunden
Planner CEDALION:

0.00user 0.00system 0:00.01elapsed 0%CPU (0avgtext+0avgdata 5032maxresident)k
0inputs+24outputs (0major+2383minor)pagefaults 0swaps
%file - FDAUTOTUNE1
/home/goldhoorn/dev-avalon-21/install/bin/fast_downward-planner
Planner FDAUTOTUNE1:
0	[stop lights][start_root][unit cost)]

0.07user 0.01system 0:00.09elapsed 90%CPU (0avgtext+0avgdata 10320maxresident)k
0inputs+40outputs (0major+6252minor)pagefaults 0swaps
%file - FDAUTOTUNE2
/home/goldhoorn/dev-avalon-21/install/bin/fast_downward-planner
Planner FDAUTOTUNE2:
0	[start_root][stop lights][unit cost)]

0.06user 0.02system 0:00.09elapsed 89%CPU (0avgtext+0avgdata 10396maxresident)k
0inputs+40outputs (0major+6238minor)pagefaults 0swaps
%file - FDSS1
/home/goldhoorn/dev-avalon-21/install/bin/fast_downward-planner
No timeout has been set for the portfolio so we take the default of 1800s.
Planner FDSS1:
0	[stop lights][start_root][unit cost)]

0.13user 0.01system 0:00.18elapsed 82%CPU (0avgtext+0avgdata 10340maxresident)k
0inputs+40outputs (0major+14943minor)pagefaults 0swaps
%file - FDSS2
/home/goldhoorn/dev-avalon-21/install/bin/fast_downward-planner
No timeout has been set for the portfolio so we take the default of 1800s.
Planner FDSS2:
0	[stop lights][start_root][unit cost)]

0.08user 0.01system 0:00.11elapsed 94%CPU (0avgtext+0avgdata 10448maxresident)k
0inputs+40outputs (0major+6951minor)pagefaults 0swaps
%file - LAMA
/home/goldhoorn/dev-avalon-21/install/bin/lama-planner
Planner LAMA:
0	[start_root][stop lights]

0.04user 0.00system 0:00.06elapsed 86%CPU (0avgtext+0avgdata 8976maxresident)k
0inputs+56outputs (0major+2609minor)pagefaults 0swaps
%file - LAMA2011
/home/goldhoorn/dev-avalon-21/install/bin/fast_downward-planner
Planner LAMA2011:
0	[stop lights][start_root][unit cost)]

0.05user 0.02system 0:00.08elapsed 87%CPU (0avgtext+0avgdata 10436maxresident)k
0inputs+40outputs (0major+6253minor)pagefaults 0swaps
%file - RANDWARD
/home/goldhoorn/dev-avalon-21/install/bin/randward-planner
Planner RANDWARD:
0	[start_root][stop lights]

0.03user 0.00system 0:00.05elapsed 84%CPU (0avgtext+0avgdata 8976maxresident)k
0inputs+56outputs (0major+2955minor)pagefaults 0swaps
%file - UNIFORM
/home/goldhoorn/dev-avalon-21/install/bin/uniform-planner
/usr/bin/env: pypy: Datei oder Verzeichnis nicht gefunden
Planner UNIFORM:

0.00user 0.00system 0:00.01elapsed 23%CPU (0avgtext+0avgdata 4984maxresident)k
0inputs+24outputs (0major+2236minor)pagefaults 0swaps
%file - BFSF
/home/goldhoorn/dev-avalon-21/install/bin/bfsf-planner

/tmp/20160512-15:19:17:474676_bfsf/problem.pddl: syntax error in line 5, '.':
'define' expected
Planner BFSF:

0.00user 0.00system 0:00.02elapsed 40%CPU (0avgtext+0avgdata 5820maxresident)k
720inputs+736outputs (4major+1205minor)pagefaults 0swaps
%file - CEDALION
/home/goldhoorn/dev-avalon-21/install/bin/cedalion-planner
/usr/bin/env: pypy: Datei oder Verzeichnis nicht gefunden
/home/goldhoorn/dev-avalon-21/install/bin/cedalion-planner: Zeile 48: output.sas: Datei oder Verzeichnis nicht gefunden
/home/goldhoorn/dev-avalon-21/install/bin/cedalion-planner: Zeile 52: output: Datei oder Verzeichnis nicht gefunden
Planner CEDALION:

0.00user 0.00system 0:00.03elapsed 37%CPU (0avgtext+0avgdata 5600maxresident)k
0inputs+744outputs (0major+2869minor)pagefaults 0swaps
%file - FDAUTOTUNE1
/home/goldhoorn/dev-avalon-21/install/bin/fast_downward-planner
Planner FDAUTOTUNE1:
0	[startt auvcontrol::depthfusioncmp auvhelper::depthandorientationfusion][startt base::zprovidersrv depthreader::task][startds auvcontrol::depthfusioncmp base::zprovidersrv][startt poseauv::ikforientationestimatorcmp fogkvh::dsp3000task][startt poseauv::ikforientationestimatorcmp orientationestimator::baseestimator][startt poseauv::ikforientationestimatorcmp wallorientationcorrection::orientationinmap][startt poseauv::ikforientationestimatorcmp xsensimu::task][startc base::orientationsrv poseauv::ikforientationestimatorcmp][startds auvcontrol::depthfusioncmp base::orientationsrv][startc root auvcontrol::depthfusioncmp][start_root][unit cost)]

0.00user 0.00system 33:20.09elapsed 0%CPU (0avgtext+0avgdata 5576maxresident)k
0inputs+736outputs (0major+1197minor)pagefaults 0swaps
%file - FDAUTOTUNE2
/home/goldhoorn/dev-avalon-21/install/bin/fast_downward-planner
Planner FDAUTOTUNE2:
0	[startt auvcontrol::depthfusioncmp auvhelper::depthandorientationfusion][startt poseauv::ikforientationestimatorcmp orientationestimator::baseestimator][startt poseauv::ikforientationestimatorcmp wallorientationcorrection::orientationinmap][startt poseauv::ikforientationestimatorcmp fogkvh::dsp3000task][startt poseauv::ikforientationestimatorcmp xsensimu::task][startc base::orientationsrv poseauv::ikforientationestimatorcmp][startt base::zprovidersrv depthreader::task][startds auvcontrol::depthfusioncmp base::orientationsrv][startds auvcontrol::depthfusioncmp base::zprovidersrv][startc root auvcontrol::depthfusioncmp][start_root][unit cost)]

0.00user 0.00system 33:20.08elapsed 0%CPU (0avgtext+0avgdata 5772maxresident)k
0inputs+736outputs (0major+1195minor)pagefaults 0swaps
%file - FDSS1
/home/goldhoorn/dev-avalon-21/install/bin/fast_downward-planner
No timeout has been set for the portfolio so we take the default of 1800s.
Planner FDSS1:
0	[startt auvcontrol::depthfusioncmp auvhelper::depthandorientationfusion][startt base::zprovidersrv depthreader::task][startds auvcontrol::depthfusioncmp base::zprovidersrv][startt poseauv::ikforientationestimatorcmp fogkvh::dsp3000task][startt poseauv::ikforientationestimatorcmp orientationestimator::baseestimator][startt poseauv::ikforientationestimatorcmp wallorientationcorrection::orientationinmap][startt poseauv::ikforientationestimatorcmp xsensimu::task][startc base::orientationsrv poseauv::ikforientationestimatorcmp][startds auvcontrol::depthfusioncmp base::orientationsrv][startc root auvcontrol::depthfusioncmp][start_root][unit cost)]

1183.81user 3.03system 21:13.40elapsed 93%CPU (0avgtext+0avgdata 4807956maxresident)k
0inputs+6872outputs (0major+1747122minor)pagefaults 0swaps
%file - FDSS2
/home/goldhoorn/dev-avalon-21/install/bin/fast_downward-planner
No timeout has been set for the portfolio so we take the default of 1800s.
Planner FDSS2:
0	[startt poseauv::ikforientationestimatorcmp fogkvh::dsp3000task][startt poseauv::ikforientationestimatorcmp xsensimu::task][startt auvcontrol::depthfusioncmp auvhelper::depthandorientationfusion][startt base::zprovidersrv depthreader::task][startds auvcontrol::depthfusioncmp base::zprovidersrv][startt poseauv::ikforientationestimatorcmp orientationestimator::baseestimator][startt poseauv::ikforientationestimatorcmp wallorientationcorrection::orientationinmap][startc base::orientationsrv poseauv::ikforientationestimatorcmp][startds auvcontrol::depthfusioncmp base::orientationsrv][startc root auvcontrol::depthfusioncmp][start_root][unit cost)]

1187.73user 2.67system 21:17.80elapsed 93%CPU (0avgtext+0avgdata 4807780maxresident)k
0inputs+6872outputs (0major+1547625minor)pagefaults 0swaps
%file - LAMA
/home/goldhoorn/dev-avalon-21/install/bin/lama-planner
Traceback (most recent call last):
  File "/home/goldhoorn/dev-avalon-21/planning/lama/lama/translate/translate.py", line 592, in <module>
    sas_task = pddl_to_sas(task)
  File "/home/goldhoorn/dev-avalon-21/planning/lama/lama/translate/translate.py", line 460, in pddl_to_sas
    implied_facts)
  File "/home/goldhoorn/dev-avalon-21/planning/lama/lama/translate/translate.py", line 382, in translate_task
    assert init_values[var] == ranges[var] - 1, "Inconsistent init facts!"
AssertionError: Inconsistent init facts!
/home/goldhoorn/dev-avalon-21/install/bin/lama-planner: 12: /home/goldhoorn/dev-avalon-21/install/bin/lama-planner: cannot open output.sas: No such file
/home/goldhoorn/dev-avalon-21/install/bin/lama-planner: 14: /home/goldhoorn/dev-avalon-21/install/bin/lama-planner: cannot open output: No such file
Planner LAMA:

195.58user 1.03system 3:34.18elapsed 91%CPU (0avgtext+0avgdata 1698684maxresident)k
0inputs+736outputs (0major+669880minor)pagefaults 0swaps
%file - LAMA2011
/home/goldhoorn/dev-avalon-21/install/bin/fast_downward-planner
Planner LAMA2011:
0	[startt auvcontrol::depthfusioncmp auvhelper::depthandorientationfusion][startt base::zprovidersrv depthreader::task][startds auvcontrol::depthfusioncmp base::zprovidersrv][startt poseauv::ikforientationestimatorcmp fogkvh::dsp3000task][startt poseauv::ikforientationestimatorcmp orientationestimator::baseestimator][startt poseauv::ikforientationestimatorcmp wallorientationcorrection::orientationinmap][startt poseauv::ikforientationestimatorcmp xsensimu::task][startc base::orientationsrv poseauv::ikforientationestimatorcmp][startds auvcontrol::depthfusioncmp base::orientationsrv][startc root auvcontrol::depthfusioncmp][start_root][unit cost)]

0.00user 0.00system 33:20.13elapsed 0%CPU (0avgtext+0avgdata 5704maxresident)k
0inputs+736outputs (0major+1199minor)pagefaults 0swaps
%file - RANDWARD
/home/goldhoorn/dev-avalon-21/install/bin/randward-planner
Traceback (most recent call last):
  File "/home/goldhoorn/dev-avalon-21/install/bin/randward/translate/translate.py", line 590, in <module>
    sas_task = pddl_to_sas(task)
  File "/home/goldhoorn/dev-avalon-21/install/bin/randward/translate/translate.py", line 458, in pddl_to_sas
    implied_facts)
  File "/home/goldhoorn/dev-avalon-21/install/bin/randward/translate/translate.py", line 382, in translate_task
    assert init_values[var] == ranges[var] - 1, "Inconsistent init facts!"
AssertionError: Inconsistent init facts!
/home/goldhoorn/dev-avalon-21/install/bin/randward-planner: 12: /home/goldhoorn/dev-avalon-21/install/bin/randward-planner: cannot open output.sas: No such file
/home/goldhoorn/dev-avalon-21/install/bin/randward-planner: 14: /home/goldhoorn/dev-avalon-21/install/bin/randward-planner: cannot open output: No such file
Planner RANDWARD:

199.81user 0.97system 3:34.75elapsed 93%CPU (0avgtext+0avgdata 1685760maxresident)k
0inputs+736outputs (0major+647756minor)pagefaults 0swaps
%file - UNIFORM
/home/goldhoorn/dev-avalon-21/install/bin/uniform-planner
/usr/bin/env: pypy: Datei oder Verzeichnis nicht gefunden
Planner UNIFORM:

0.00user 0.00system 0:00.31elapsed 1%CPU (0avgtext+0avgdata 5536maxresident)k
0inputs+744outputs (0major+2724minor)pagefaults 0swaps
